<?xml version="1.0" encoding="UTF-8" ?>
<testsuites>
  <testsuite errors="0" failures="0" hostname="PercydeAir-6.lan" id="0" name="ReservationSystemTest" package="" skipped="0" tests="21" time="0.053" timestamp="2025-04-04T05:42:57">
      <properties>
[...]
</properties>

      <testcase classname="ReservationSystemTest" name="testMainMethodWithValidInput" time="0.005" />

      <testcase classname="ReservationSystemTest" name="testMainMethodWithUnexpectedException" time="0.0" />

      <testcase classname="ReservationSystemTest" name="testOverlap" time="0.0" />

      <testcase classname="ReservationSystemTest" name="testValidNumberOfEvents" time="0.0" />

      <testcase classname="ReservationSystemTest" name="testCheckOverlapWithEmptyList" time="0.0" />

      <testcase classname="ReservationSystemTest" name="testInputValidatorClassCoverage" time="0.0" />

      <testcase classname="ReservationSystemTest" name="testStartAfterEnd" time="0.002" />

      <testcase classname="ReservationSystemTest" name="testOutOfRangeDate" time="0.0" />

      <testcase classname="ReservationSystemTest" name="testInvalidNumberOfEvents" time="0.001" />

      <testcase classname="ReservationSystemTest" name="testNullEventLine" time="0.0" />

      <testcase classname="ReservationSystemTest" name="testNonIntegerInput" time="0.0" />

      <testcase classname="ReservationSystemTest" name="testValidEventParsing" time="0.0" />

      <testcase classname="ReservationSystemTest" name="testNoOverlap" time="0.0" />

      <testcase classname="ReservationSystemTest" name="testEmptyEventLine" time="0.0" />

      <testcase classname="ReservationSystemTest" name="testNotEnoughTokens" time="0.0" />

      <testcase classname="ReservationSystemTest" name="testNoInputOfNumberOfEvents" time="0.0" />

      <testcase classname="ReservationSystemTest" name="testMainMethodWithInvalidInput" time="0.0" />

      <testcase classname="ReservationSystemTest" name="testReservationSystemClassCoverage" time="0.0" />

      <testcase classname="ReservationSystemTest" name="testNegativeInputOfNumberOfEvents" time="0.0" />

      <testcase classname="ReservationSystemTest" name="testValidStartInvalidEndDate" time="0.0" />

      <testcase classname="ReservationSystemTest" name="testMainMethodWithOverlap" time="0.0" />

      <system-out><![CDATA[]]></system-out>

      <system-err><![CDATA[]]></system-err>

  </testsuite>
</testsuites>
